<?xml version="1.0" encoding="UTF-8"?>
<testsuites name="bun test" tests="21" assertions="42" failures="0" skipped="0" time="0.187590461">
  <testsuite name="src/components/apply-patch-file.test.ts" file="src/components/apply-patch-file.test.ts" tests="2" assertions="8" failures="0" skipped="0" time="0" hostname="Storm">
    <testsuite name="apply patch file" file="src/components/apply-patch-file.test.ts" line="5" tests="2" assertions="8" failures="0" skipped="0" time="0.003" hostname="Storm">
      <testcase name="parses patch metadata from the server" classname="apply patch file" time="0.003144" file="src/components/apply-patch-file.test.ts" line="6" assertions="4" />
      <testcase name="keeps legacy before and after payloads working" classname="apply patch file" time="0.000629" file="src/components/apply-patch-file.test.ts" line="25" assertions="4" />
    </testsuite>
  </testsuite>
  <testsuite name="src/components/markdown-stream.test.ts" file="src/components/markdown-stream.test.ts" tests="4" assertions="5" failures="0" skipped="0" time="0" hostname="Storm">
    <testsuite name="markdown stream" file="src/components/markdown-stream.test.ts" line="4" tests="4" assertions="5" failures="0" skipped="0" time="0.004" hostname="Storm">
      <testcase name="heals incomplete emphasis while streaming" classname="markdown stream" time="0.004239" file="src/components/markdown-stream.test.ts" line="5" assertions="2" />
      <testcase name="keeps incomplete links non-clickable until they finish" classname="markdown stream" time="0.000405" file="src/components/markdown-stream.test.ts" line="10" assertions="1" />
      <testcase name="splits an unfinished trailing code fence from stable content" classname="markdown stream" time="0.000313" file="src/components/markdown-stream.test.ts" line="16" assertions="1" />
      <testcase name="keeps reference-style markdown as one block" classname="markdown stream" time="0.00012" file="src/components/markdown-stream.test.ts" line="23" assertions="1" />
    </testsuite>
  </testsuite>
  <testsuite name="src/components/message-file.test.ts" file="src/components/message-file.test.ts" tests="3" assertions="6" failures="0" skipped="0" time="0" hostname="Storm">
    <testsuite name="message-file" file="src/components/message-file.test.ts" line="18" tests="3" assertions="6" failures="0" skipped="0" time="0" hostname="Storm">
      <testcase name="treats data URLs as attachments" classname="message-file" time="0.000055" file="src/components/message-file.test.ts" line="19" assertions="2" />
      <testcase name="treats only non-attachment source ranges as inline references" classname="message-file" time="0.000054" file="src/components/message-file.test.ts" line="24" assertions="2" />
      <testcase name="separates image and file attachment kinds" classname="message-file" time="0.000027" file="src/components/message-file.test.ts" line="51" assertions="2" />
    </testsuite>
  </testsuite>
  <testsuite name="src/components/message-part.test.ts" file="src/components/message-part.test.ts" tests="6" assertions="6" failures="0" skipped="0" time="0" hostname="Storm">
    <testsuite name="readPartText" file="src/components/message-part.test.ts" line="4" tests="6" assertions="6" failures="0" skipped="0" time="0" hostname="Storm">
      <testcase name="returns empty string when accum is undefined and part text is undefined" classname="readPartText" time="0.000036" file="src/components/message-part.test.ts" line="5" assertions="1" />
      <testcase name="returns trimmed part text when accum is undefined" classname="readPartText" time="0.000016" file="src/components/message-part.test.ts" line="9" assertions="1" />
      <testcase name="prefers accum value over part text when accum has a hit" classname="readPartText" time="0.000016" file="src/components/message-part.test.ts" line="13" assertions="1" />
      <testcase name="falls back to part text when accum misses" classname="readPartText" time="0.000012" file="src/components/message-part.test.ts" line="17" assertions="1" />
      <testcase name="returns empty string for whitespace-only text" classname="readPartText" time="0.000015" file="src/components/message-part.test.ts" line="21" assertions="1" />
      <testcase name="trims leading and trailing whitespace" classname="readPartText" time="0.00001" file="src/components/message-part.test.ts" line="25" assertions="1" />
    </testsuite>
  </testsuite>
  <testsuite name="src/components/scroll-view.test.ts" file="src/components/scroll-view.test.ts" tests="2" assertions="5" failures="0" skipped="0" time="0" hostname="Storm">
    <testsuite name="scrollKey" file="src/components/scroll-view.test.ts" line="4" tests="2" assertions="5" failures="0" skipped="0" time="0" hostname="Storm">
      <testcase name="maps plain navigation keys" classname="scrollKey" time="0.000076" file="src/components/scroll-view.test.ts" line="5" assertions="2" />
      <testcase name="ignores modified keybinds" classname="scrollKey" time="0.00004" file="src/components/scroll-view.test.ts" line="12" assertions="3" />
    </testsuite>
  </testsuite>
  <testsuite name="src/components/session-diff.test.ts" file="src/components/session-diff.test.ts" tests="4" assertions="12" failures="0" skipped="0" time="0" hostname="Storm">
    <testsuite name="session diff" file="src/components/session-diff.test.ts" line="4" tests="4" assertions="12" failures="0" skipped="0" time="0.001" hostname="Storm">
      <testcase name="keeps unified patch content" classname="session diff" time="0.000718" file="src/components/session-diff.test.ts" line="5" assertions="4" />
      <testcase name="keeps missing final newlines from unified patches" classname="session diff" time="0.000297" file="src/components/session-diff.test.ts" line="22" assertions="2" />
      <testcase name="converts legacy content into a patch" classname="session diff" time="0.000075" file="src/components/session-diff.test.ts" line="37" assertions="3" />
      <testcase name="ignores malformed persisted patches" classname="session diff" time="0.001141" file="src/components/session-diff.test.ts" line="53" assertions="3" />
    </testsuite>
  </testsuite>
</testsuites>
